<?xml version="1.0" encoding="UTF-8"?>
<testsuite name="ohtu.laskin.LaskinTest" tests="1" skipped="0" failures="0" errors="0" timestamp="2019-11-03T16:19:31" hostname="lx9-fuxi046" time="0.006">
  <properties/>
  <testcase name="yksiSummaOikein" classname="ohtu.laskin.LaskinTest" time="0.006"/>
  <system-out><![CDATA[]]></system-out>
  <system-err><![CDATA[]]></system-err>
</testsuite>
